<?xml version="1.0" encoding="UTF-8"?>
<ctl:package
 xmlns="http://www.occamlab.com/ctl"
 xmlns:xsl="http://www.w3.org/1999/XSL/Transform"
 xmlns:ctl="http://www.occamlab.com/ctl"
 xmlns:parsers="http://www.occamlab.com/te/parsers"
 xmlns:myparsers="http://www.galdosinc.com/myparsers"
 xmlns:saxon="http://saxon.sf.net/"
 xmlns:wfs="http://www.opengis.net/wfs"
 xmlns:xi="http://www.w3.org/2001/XInclude"
 xmlns:xsd="http://www.w3.org/2001/XMLSchema"
 xmlns:xsi="http://www.w3.org/2001/XMLSchema-instance"
 xsi:schemaLocation="http://www.occamlab.com/ctl ../../../apps/engine/resources/com/occamlab/te/schemas/ctl.xsd">

	<test name="wfs:[CONFORMANCE-CLASS].[SPECIFICATION].[OPERATION].[TEST-CASE-NUMBER]">
		<param name="VAR_WFS_GET_CAPABILITIES_HTTP_GET_URL"/>
		<assertion>[ACTUAL ASSERTION FROM ATS]</assertion>
		<comment>[FULL DESCRIPTION OF TEST FROM ATS, GIVES PASS/FAILURE CONDITIONS]</comment>
		<link>[LOCATION IN OGC SPEC DOCUMENT, INCLUDING PAGE NUMBER]</link>
		<code>
		
			<xsl:variable name="request1">
				<request>
					<url>
						<xsl:value-of select="$VAR_WFS_GET_CAPABILITIES_HTTP_GET_URL"/>
					</url>
					<method>get</method>
					<param name="service">WFS</param>
					<param name="version">1.1.0</param>
					<param name="request">GetCapabilities</param>
					<myparsers:XMLValidatingParser.WFS/>
				</request>
			</xsl:variable>
			
			<xsl:if test="not($request1/*)">
				<ctl:fail/>
			</xsl:if>
			
			<xsl:variable name="expression">//wfs:WFS_Capabilities[@version='1.1.0']</xsl:variable>
			<ctl:call-test name="ctl:assert-xpath">
				<ctl:with-param name="expr" select="$expression"/>
				<ctl:with-param name="doc" select="$request1"/>
			</ctl:call-test>
			
			<xsl:if test="$request1/*">
				<ctl:call-test name="ctl:SchematronValidatingParser">
					<ctl:with-param name="doc" select="$request1"/>
					<ctl:with-param name="schematronFile">sch/wfs/1.1.0/WFSCapabilities.sch</ctl:with-param>
					<ctl:with-param name="phase">Default</ctl:with-param>
				</ctl:call-test>
			</xsl:if>
			
		</code>
	</test>
</ctl:package>
